INFO: [HLS 200-0] Workspace D:/venky/workdir/designs/convolution/convolution/solution1 opened at Fri Jun 23 13:14:19 -0700 2017
INFO: [HLS 200-100] Execute     config_clock -quiet -name default -period 10 -default=false 
INFO: [SYN 201-201] Setting up clock 'default' with a period of 10ns.
INFO: [HLS 200-100] Command     config_clock returned 0; 0 sec.
INFO: [HLS 200-100] Execute     open_platform DefaultPlatform 
INFO: [HLS 200-100] Command     open_platform returned 0; 0 sec.
INFO: [HLS 200-100] Execute     import_lib D:/Xilinx/Vivado_HLS/2017.1/common/technology/xilinx/virtex7/virtex7 
INFO: [HLS 200-100] Execute       source D:/Xilinx/Vivado_HLS/2017.1/common/technology/xilinx/common/xilinx.lib 
INFO: [HLS 200-100] Execute         source D:/Xilinx/Vivado_HLS/2017.1/common/technology/xilinx/interface/xilinx_interface.lib 
INFO: [HLS 200-100] Execute           source D:/Xilinx/Vivado_HLS/2017.1/common/technology/xilinx/interface/plb46.lib 
INFO: [HLS 200-100] Command           ap_source returned 0; 0.001 sec.
INFO: [HLS 200-100] Execute           source D:/Xilinx/Vivado_HLS/2017.1/common/technology/xilinx/interface/fsl.lib 
INFO: [HLS 200-100] Command           ap_source returned 0; 0 sec.
INFO: [HLS 200-100] Execute           source D:/Xilinx/Vivado_HLS/2017.1/common/technology/xilinx/interface/axi4.lib 
INFO: [HLS 200-100] Command           ap_source returned 0; 0.001 sec.
INFO: [HLS 200-100] Execute           source D:/Xilinx/Vivado_HLS/2017.1/common/technology/xilinx/interface/maxi.lib 
INFO: [HLS 200-100] Command           ap_source returned 0; 0.001 sec.
INFO: [HLS 200-100] Execute           source D:/Xilinx/Vivado_HLS/2017.1/common/technology/xilinx/interface/saxilite.lib 
INFO: [HLS 200-100] Command           ap_source returned 0; 0 sec.
INFO: [HLS 200-100] Command         ap_source returned 0; 0.005 sec.
INFO: [HLS 200-100] Execute         source D:/Xilinx/Vivado_HLS/2017.1/common/technology/xilinx/common/dsp48.lib 
INFO: [HLS 200-100] Command         ap_source returned 0; 0.001 sec.
INFO: [HLS 200-100] Execute         source D:/Xilinx/Vivado_HLS/2017.1/common/technology/xilinx/ip/dds_compiler.lib 
INFO: [HLS 200-100] Command         ap_source returned 0; 0 sec.
INFO: [HLS 200-100] Execute         source D:/Xilinx/Vivado_HLS/2017.1/common/technology/xilinx/ip/xfft.lib 
INFO: [HLS 200-100] Command         ap_source returned 0; 0.001 sec.
INFO: [HLS 200-100] Execute         source D:/Xilinx/Vivado_HLS/2017.1/common/technology/xilinx/ip/xfir.lib 
INFO: [HLS 200-100] Command         ap_source returned 0; 0 sec.
INFO: [HLS 200-100] Command       ap_source returned 0; 0.013 sec.
INFO: [HLS 200-100] Execute       source D:/Xilinx/Vivado_HLS/2017.1/common/technology/xilinx/common/xilinx_old.lib 
INFO: [HLS 200-100] Command       ap_source returned 0; 0.002 sec.
INFO: [HLS 200-100] Execute       source D:/Xilinx/Vivado_HLS/2017.1/common/technology/xilinx/common/xilinx_vivado.lib 
INFO: [HLS 200-100] Command       ap_source returned 0; 0.002 sec.
INFO: [HLS 200-100] Execute       source D:/Xilinx/Vivado_HLS/2017.1/common/technology/xilinx/common/xilinx.hlp 
INFO: [HLS 200-100] Execute         source D:/Xilinx/Vivado_HLS/2017.1/common/technology/xilinx/common/target_info.tcl 
INFO: [HLS 200-100] Command         ap_source returned 0; 0.001 sec.
INFO: [HLS 200-100] Execute         source D:/Xilinx/Vivado_HLS/2017.1/common/technology/xilinx/interface/xilinx_interface.hlp 
INFO: [HLS 200-100] Execute           source D:/Xilinx/Vivado_HLS/2017.1/common/technology/xilinx/interface/maxi.hlp 
INFO: [HLS 200-100] Command           ap_source returned 0; 0 sec.
INFO: [HLS 200-100] Execute           source D:/Xilinx/Vivado_HLS/2017.1/common/technology/xilinx/interface/saxilite.hlp 
INFO: [HLS 200-100] Command           ap_source returned 0; 0.001 sec.
INFO: [HLS 200-100] Command         ap_source returned 0; 0.002 sec.
INFO: [HLS 200-100] Execute         source D:/Xilinx/Vivado_HLS/2017.1/common/technology/xilinx/common/dsp48.hlp 
INFO: [HLS 200-100] Command         ap_source returned 0; 0.002 sec.
INFO: [HLS 200-100] Command       ap_source returned 0; 0.009 sec.
INFO: [HLS 200-100] Execute       source D:/Xilinx/Vivado_HLS/2017.1/common/technology/xilinx/virtex7/dsp48e1.hlp 
INFO: [HLS 200-100] Command       ap_source returned 0; 0.001 sec.
INFO: [HLS 200-100] Execute       get_default_platform 
INFO: [HLS 200-100] Command       get_default_platform returned 0; 0.001 sec.
INFO: [HLS 200-100] Execute       config_chip_info -quiet -resource  {SLICE 91050 } {LUT 364200 } {FF 728400 } {DSP48E 1260} {BRAM 1590}  
INFO: [HLS 200-100] Command       config_chip_info returned 0; 0 sec.
INFO: [HLS 200-100] Execute       config_chip_info -quiet -speed medium 
INFO: [HLS 200-100] Command       config_chip_info returned 0; 0 sec.
INFO: [HLS 200-100] Execute       source D:/Xilinx/Vivado_HLS/2017.1/common/technology/xilinx/common/xilinx.hlp 
INFO: [HLS 200-100] Execute         source D:/Xilinx/Vivado_HLS/2017.1/common/technology/xilinx/common/target_info.tcl 
INFO: [HLS 200-100] Command         ap_source returned 0; 0.026 sec.
INFO: [HLS 200-100] Execute         source D:/Xilinx/Vivado_HLS/2017.1/common/technology/xilinx/interface/xilinx_interface.hlp 
INFO: [HLS 200-100] Execute           source D:/Xilinx/Vivado_HLS/2017.1/common/technology/xilinx/interface/maxi.hlp 
INFO: [HLS 200-100] Command           ap_source returned 0; 0 sec.
INFO: [HLS 200-100] Execute           source D:/Xilinx/Vivado_HLS/2017.1/common/technology/xilinx/interface/saxilite.hlp 
INFO: [HLS 200-100] Command           ap_source returned 0; 0.001 sec.
INFO: [HLS 200-100] Command         ap_source returned 0; 0.002 sec.
INFO: [HLS 200-100] Execute         source D:/Xilinx/Vivado_HLS/2017.1/common/technology/xilinx/common/dsp48.hlp 
INFO: [HLS 200-100] Command         ap_source returned 0; 0.002 sec.
INFO: [HLS 200-100] Command       ap_source returned 0; 0.033 sec.
INFO: [HLS 200-100] Command     import_lib returned 0; 0.073 sec.
INFO: [HLS 200-100] Execute     source D:/Xilinx/Vivado_HLS/2017.1/common/technology/xilinx/virtex7/virtex7.gen 
INFO: [HLS 200-100] Execute       source D:/Xilinx/Vivado_HLS/2017.1/common/technology/xilinx/common/virtex.gen 
INFO: [HLS 200-100] Execute         source D:/Xilinx/Vivado_HLS/2017.1/common/technology/xilinx/common/xilinx.gen 
INFO: [HLS 200-100] Execute           source D:/Xilinx/Vivado_HLS/2017.1/common/technology/xilinx/interface/plb46.gen 
INFO: [HLS 200-100] Command           ap_source returned 0; 0.002 sec.
INFO: [HLS 200-100] Execute           source D:/Xilinx/Vivado_HLS/2017.1/common/technology/xilinx/interface/fsl.gen 
INFO: [HLS 200-100] Command           ap_source returned 0; 0.001 sec.
INFO: [HLS 200-100] Execute           source D:/Xilinx/Vivado_HLS/2017.1/common/technology/xilinx/interface/axi4.gen 
INFO: [HLS 200-100] Command           ap_source returned 0; 0.005 sec.
INFO: [HLS 200-100] Execute           source D:/Xilinx/Vivado_HLS/2017.1/common/technology/xilinx/interface/nativeAXI4.gen 
INFO: [HLS 200-100] Execute             source D:/Xilinx/Vivado_HLS/2017.1/common/technology/xilinx/interface/saxilite.gen 
INFO: [HLS 200-100] Command             ap_source returned 0; 0.008 sec.
INFO: [HLS 200-100] Execute             source D:/Xilinx/Vivado_HLS/2017.1/common/technology/xilinx/interface/maxi.gen 
INFO: [HLS 200-100] Command             ap_source returned 0; 0.017 sec.
INFO: [HLS 200-100] Command           ap_source returned 0; 0.027 sec.
INFO: [HLS 200-100] Execute           source D:/Xilinx/Vivado_HLS/2017.1/common/technology/xilinx/scripts/xilinxcoregen.gen 
INFO: [HLS 200-100] Command           ap_source returned 0; 0.024 sec.
INFO: [HLS 200-100] Execute           source D:/Xilinx/Vivado_HLS/2017.1/common/technology/xilinx/interface/XilEDKCoreGen.gen 
INFO: [HLS 200-100] Command           ap_source returned 0; 0.017 sec.
INFO: [HLS 200-100] Execute           source D:/Xilinx/Vivado_HLS/2017.1/common/technology/xilinx/ip/dds_compiler.gen 
INFO: [HLS 200-100] Command           ap_source returned 0; 0.007 sec.
INFO: [HLS 200-100] Execute           source D:/Xilinx/Vivado_HLS/2017.1/common/technology/xilinx/ip/util.gen 
INFO: [HLS 200-100] Command           ap_source returned 0; 0 sec.
INFO: [HLS 200-100] Execute           source D:/Xilinx/Vivado_HLS/2017.1/common/technology/xilinx/ip/xfft.gen 
INFO: [HLS 200-100] Command           ap_source returned 0; 0.285 sec.
INFO: [HLS 200-100] Execute           source D:/Xilinx/Vivado_HLS/2017.1/common/technology/xilinx/ip/xfir.gen 
INFO: [HLS 200-100] Command           ap_source returned 0; 0.002 sec.
INFO: [HLS 200-100] Command         ap_source returned 0; 0.378 sec.
INFO: [HLS 200-100] Execute         source D:/Xilinx/Vivado_HLS/2017.1/common/technology/xilinx/common/dsp48.gen 
INFO: [HLS 200-100] Command         ap_source returned 0; 0 sec.
INFO: [HLS 200-100] Command       ap_source returned 0; 0.385 sec.
INFO: [HLS 200-100] Command     ap_source returned 0; 0.385 sec.
INFO: [HLS 200-100] Execute     open_platform DefaultPlatform 
INFO: [HLS 200-100] Command     open_platform returned 0; 0 sec.
INFO: [HLS 200-100] Execute     import_lib D:/Xilinx/Vivado_HLS/2017.1/common/technology/xilinx/virtex7/virtex7_fpv6 
INFO: [HLS 200-100] Execute       source D:/Xilinx/Vivado_HLS/2017.1/common/technology/xilinx/common/xilinx_fpv7.lib 
INFO: [HLS 200-100] Execute         source D:/Xilinx/Vivado_HLS/2017.1/common/technology/xilinx/common/xilinx_hp.lib 
INFO: [HLS 200-100] Command         ap_source returned 0; 0.003 sec.
INFO: [HLS 200-100] Command       ap_source returned 0; 0.011 sec.
INFO: [HLS 200-100] Execute       source D:/Xilinx/Vivado_HLS/2017.1/common/technology/xilinx/common/xilinx_fpv.hlp 
INFO: [HLS 200-100] Execute         source D:/Xilinx/Vivado_HLS/2017.1/common/technology/xilinx/common/xilinx.hlp 
INFO: [HLS 200-100] Execute           source D:/Xilinx/Vivado_HLS/2017.1/common/technology/xilinx/common/target_info.tcl 
INFO: [HLS 200-100] Command           ap_source returned 0; 0.025 sec.
INFO: [HLS 200-100] Execute           source D:/Xilinx/Vivado_HLS/2017.1/common/technology/xilinx/interface/xilinx_interface.hlp 
INFO: [HLS 200-100] Execute             source D:/Xilinx/Vivado_HLS/2017.1/common/technology/xilinx/interface/maxi.hlp 
INFO: [HLS 200-100] Command             ap_source returned 0; 0.001 sec.
INFO: [HLS 200-100] Execute             source D:/Xilinx/Vivado_HLS/2017.1/common/technology/xilinx/interface/saxilite.hlp 
INFO: [HLS 200-100] Command             ap_source returned 0; 0 sec.
INFO: [HLS 200-100] Command           ap_source returned 0; 0.003 sec.
INFO: [HLS 200-100] Execute           source D:/Xilinx/Vivado_HLS/2017.1/common/technology/xilinx/common/dsp48.hlp 
INFO: [HLS 200-100] Command           ap_source returned 0; 0.002 sec.
INFO: [HLS 200-100] Command         ap_source returned 0; 0.036 sec.
INFO: [HLS 200-100] Command       ap_source returned 0; 0.038 sec.
INFO: [HLS 200-100] Execute       source D:/Xilinx/Vivado_HLS/2017.1/common/technology/xilinx/virtex7/virtex7_hp.hlp 
INFO: [HLS 200-100] Command       ap_source returned 0; 0.006 sec.
INFO: [HLS 200-100] Command     import_lib returned 0; 0.084 sec.
INFO: [HLS 200-100] Execute     source D:/Xilinx/Vivado_HLS/2017.1/common/technology/xilinx/virtex7/virtex7_fpv6.gen 
INFO: [HLS 200-100] Execute       source D:/Xilinx/Vivado_HLS/2017.1/common/technology/xilinx/common/xilinx_fpv6.gen 
INFO: [HLS 200-100] Command       ap_source returned 0; 0.004 sec.
INFO: [HLS 200-100] Command     ap_source returned 0; 0.006 sec.
INFO: [HLS 200-100] Execute     set_part xc7vx485tffg1761-2 
INFO: [HLS 200-100] Execute       add_library xilinx/virtex7/virtex7:xc7vx485t:ffg1761:-2 
INFO: [HLS 200-100] Execute         get_default_platform 
INFO: [HLS 200-100] Command         get_default_platform returned 0; 0.001 sec.
INFO: [HLS 200-100] Execute         license_isbetapart xc7vx485t 
INFO: [HLS 200-100] Command         license_isbetapart returned 1; 0.045 sec.
INFO: [HLS 200-100] Execute         get_default_platform 
INFO: [HLS 200-100] Command         get_default_platform returned 0; 0 sec.
INFO: [HLS 200-100] Execute         config_chip_info -quiet -resource  {SLICE 75900 } {LUT 303600 } {FF 607200 } {DSP48E 2800} {BRAM 2060}  
INFO: [HLS 2